
-------------------------------------------------------------------------
2014-10-03 오전 10:19
EXEC SP_MIS_SELECT_USER_LOGIN  'admin'

-------------------------------------------------------------------------
2014-10-03 오전 10:19
EXEC SP_MIS_INSERT_LOGIN_HIS  'admin' ,'S' ,'fe80::ed24:dd:1cd5:a584' ,'127.0.0.1'

-------------------------------------------------------------------------
2014-10-03 오전 10:19
EXEC SP_MIS_SELECT_USERAUTH_MENU  'admin'

-------------------------------------------------------------------------
2014-10-03 오전 10:19
EXEC SP_MIS_SELECT_MENU_INFO 

-------------------------------------------------------------------------
2014-10-03 오전 10:20
EXEC SP_MIS_SELECT_MENU_INFO 

-------------------------------------------------------------------------
2014-10-03 오전 10:20
EXEC SP_MIS_SELECT_MENU_INFO 

-------------------------------------------------------------------------
2014-10-03 오전 10:20
EXEC SP_MIS_SELECT_AUTH_MENU_ALL  '0'

-------------------------------------------------------------------------
2014-10-03 오전 10:20
EXEC SP_MIS_SELECT_AUTH_MASTER 

-------------------------------------------------------------------------
2014-10-03 오전 10:20
EXEC SP_MIS_SELECT_USER_INFO  '' ,'1' ,'9999'

-------------------------------------------------------------------------
2014-10-03 오전 10:20
EXEC SP_MIS_SELECT_AUTH_MASTER 

-------------------------------------------------------------------------
2014-10-03 오전 10:20
EXEC SP_COM_SELECT_COM_CODE_MASTER_LIST  '0' ,'1' ,'99999999'

-------------------------------------------------------------------------
2014-10-03 오전 10:20
EXEC SP_COM_SELECT_COM_CODE_CATEGORY_LIST  '1' ,'99999999'

-------------------------------------------------------------------------
2014-10-03 오전 10:20
EXEC SP_COM_SELECT_COM_CODE_MASTER_LIST  '0' ,'1' ,'99999999'

-------------------------------------------------------------------------
2014-10-03 오전 10:20
EXEC SP_MIS_SELECT_MENU_INFO 
